<?xml version="1.0" encoding="UTF-8"?>
<testsuite name="FindAndReplaceTest" tests="2" skipped="0" failures="0" errors="0" timestamp="2016-04-20T22:59:54" hostname="epicodus-54.local" time="0.001">
  <properties/>
  <testcase name="finder_replaceOneWordWithinAnother_word" classname="FindAndReplaceTest" time="0.001"/>
  <testcase name="finder_replaceOneWordWithAnother_word" classname="FindAndReplaceTest" time="0.0"/>
  <system-out><![CDATA[]]></system-out>
  <system-err><![CDATA[]]></system-err>
</testsuite>
